<?xml version="1.0" encoding="UTF-8"?>
<!-- Generated by org.testng.reporters.JUnitReportReporter -->
<testsuite hostname="DESKTOP-5U6BGGB" failures="0" tests="1" name="Scripts.TestCase1" time="26.180" errors="0" timestamp="2023-08-17T16:37:44 IST" skipped="0">
  <testcase classname="Scripts.TestCase1" name="tc1" time="26.180"/>
</testsuite> <!-- Scripts.TestCase1 -->
